/*C42*/SET SCHEMA PUBLIC
DELETE FROM TTRIPS WHERE ID=101
INSERT INTO TTRIPS VALUES(101,'2016-07-11 10:48:00.000000',4,'2016-04-27 07:47:00.000000','','Calle Nosecuantos','Barcelona','Espa\u00c3\u00b1a','Catalu\u00c3\u00b1a',34.61956E0,-158.1096E0,'99744','2016-05-13 03:48:00.000000','Avenida de la Constitucion','Valencia','Espa\u00c3\u00b1a','Comunidad Valenciana',-27.02718E0,-77.2544E0,'83521',98.22105E0,4,2,501)
COMMIT
DISCONNECT
/*C43*/SET SCHEMA PUBLIC
DELETE FROM TTRIPS WHERE ID=102
INSERT INTO TTRIPS VALUES(102,'2016-06-18 20:34:00.000000',3,'2016-04-13 05:13:00.000000','','Calle Nosecuantos','Madrid','Espa\u00c3\u00b1a','Madrid',40.09517E0,33.64956E0,'36906','2016-06-10 09:21:00.000000','Avenida de la Constitucion','Madrid','Espa\u00c3\u00b1a','Madrid',83.68799E0,167.9817E0,'96551',36.90256E0,3,2,501)
COMMIT
DISCONNECT
/*C44*/SET SCHEMA PUBLIC
DELETE FROM TTRIPS WHERE ID=103
INSERT INTO TTRIPS VALUES(103,'2016-06-06 22:41:00.000000',2,'2016-04-18 06:27:00.000000','','Calle Nosecuantos','Barcelona','Espa\u00c3\u00b1a','Catalu\u00c3\u00b1a',73.54923E0,-1.589577E0,'79833','2016-05-21 10:19:00.000000','Calle Nosequemas','Madrid','Espa\u00c3\u00b1a','Madrid',13.12455E0,84.97043E0,'13279',64.42951E0,2,2,501)
COMMIT
DISCONNECT
/*C45*/SET SCHEMA PUBLIC
DELETE FROM TTRIPS WHERE ID=104
INSERT INTO TTRIPS VALUES(104,'2016-07-10 04:11:00.000000',3,'2016-04-23 03:05:00.000000','','Calle Mayor','Valencia','Espa\u00c3\u00b1a','Comunidad Valenciana',-58.92437E0,135.3546E0,'50763','2016-06-07 05:47:00.000000','Avenida Avenidez','Oviedo','Espa\u00c3\u00b1a','Asturias',53.33505E0,-166.6725E0,'86471',41.35482E0,3,2,501)
COMMIT
DISCONNECT
/*C46*/SET SCHEMA PUBLIC
DISCONNECT
/*C47*/SET SCHEMA PUBLIC
DISCONNECT
/*C48*/SET SCHEMA PUBLIC
DISCONNECT
/*C49*/SET SCHEMA PUBLIC
DISCONNECT
/*C50*/SET SCHEMA PUBLIC
DISCONNECT
/*C51*/SET SCHEMA PUBLIC
INSERT INTO TAPPLICATIONS VALUES(105,502)
COMMIT
INSERT INTO TAPPLICATIONS VALUES(107,502)
COMMIT
INSERT INTO TAPPLICATIONS VALUES(108,502)
COMMIT
INSERT INTO TAPPLICATIONS VALUES(109,502)
COMMIT
INSERT INTO TAPPLICATIONS VALUES(110,502)
COMMIT
DISCONNECT
/*C52*/SET SCHEMA PUBLIC
DISCONNECT
/*C53*/SET SCHEMA PUBLIC
DISCONNECT
/*C54*/SET SCHEMA PUBLIC
DISCONNECT
/*C55*/SET SCHEMA PUBLIC
INSERT INTO TSEATS VALUES(NULL,0,105,502)
DELETE FROM TTRIPS WHERE ID=105
INSERT INTO TTRIPS VALUES(105,'2016-06-26 11:44:00.000000',1,'2016-05-06 00:40:00.000000','','Avenida Avenidez','Barcelona','Espa\u00c3\u00b1a','Catalu\u00c3\u00b1a',-40.47109E0,133.0328E0,'13192','2016-06-01 12:51:00.000000','Plaza de Espa\u00c3\u00b1a','Oviedo','Espa\u00c3\u00b1a','Asturias',17.43907E0,50.31156E0,'23105',29.61141E0,2,0,501)
COMMIT
DELETE FROM TTRIPS WHERE ID=105
INSERT INTO TTRIPS VALUES(105,'2016-06-26 11:44:00.000000',2,'2016-05-06 00:40:00.000000','','Avenida Avenidez','Barcelona','Espa\u00c3\u00b1a','Catalu\u00c3\u00b1a',-40.47109E0,133.0328E0,'13192','2016-06-01 12:51:00.000000','Plaza de Espa\u00c3\u00b1a','Oviedo','Espa\u00c3\u00b1a','Asturias',17.43907E0,50.31156E0,'23105',29.61141E0,2,0,501)
DELETE FROM TSEATS WHERE TRIP_ID=105 AND USER_ID=502
INSERT INTO TSEATS VALUES(NULL,1,105,502)
COMMIT
DELETE FROM TTRIPS WHERE ID=105
INSERT INTO TTRIPS VALUES(105,'2016-06-26 11:44:00.000000',1,'2016-05-06 00:40:00.000000','','Avenida Avenidez','Barcelona','Espa\u00c3\u00b1a','Catalu\u00c3\u00b1a',-40.47109E0,133.0328E0,'13192','2016-06-01 12:51:00.000000','Plaza de Espa\u00c3\u00b1a','Oviedo','Espa\u00c3\u00b1a','Asturias',17.43907E0,50.31156E0,'23105',29.61141E0,2,0,501)
DELETE FROM TSEATS WHERE TRIP_ID=105 AND USER_ID=502
INSERT INTO TSEATS VALUES(NULL,0,105,502)
COMMIT
DELETE FROM TTRIPS WHERE ID=105
INSERT INTO TTRIPS VALUES(105,'2016-06-26 11:44:00.000000',2,'2016-05-06 00:40:00.000000','','Avenida Avenidez','Barcelona','Espa\u00c3\u00b1a','Catalu\u00c3\u00b1a',-40.47109E0,133.0328E0,'13192','2016-06-01 12:51:00.000000','Plaza de Espa\u00c3\u00b1a','Oviedo','Espa\u00c3\u00b1a','Asturias',17.43907E0,50.31156E0,'23105',29.61141E0,2,0,501)
DELETE FROM TSEATS WHERE TRIP_ID=105 AND USER_ID=502
INSERT INTO TSEATS VALUES(NULL,1,105,502)
COMMIT
DELETE FROM TTRIPS WHERE ID=105
INSERT INTO TTRIPS VALUES(105,'2016-06-26 11:44:00.000000',1,'2016-05-06 00:40:00.000000','','Avenida Avenidez','Barcelona','Espa\u00c3\u00b1a','Catalu\u00c3\u00b1a',-40.47109E0,133.0328E0,'13192','2016-06-01 12:51:00.000000','Plaza de Espa\u00c3\u00b1a','Oviedo','Espa\u00c3\u00b1a','Asturias',17.43907E0,50.31156E0,'23105',29.61141E0,2,0,501)
DELETE FROM TSEATS WHERE TRIP_ID=105 AND USER_ID=502
INSERT INTO TSEATS VALUES(NULL,0,105,502)
COMMIT
DELETE FROM TTRIPS WHERE ID=105
INSERT INTO TTRIPS VALUES(105,'2016-06-26 11:44:00.000000',2,'2016-05-06 00:40:00.000000','','Avenida Avenidez','Barcelona','Espa\u00c3\u00b1a','Catalu\u00c3\u00b1a',-40.47109E0,133.0328E0,'13192','2016-06-01 12:51:00.000000','Plaza de Espa\u00c3\u00b1a','Oviedo','Espa\u00c3\u00b1a','Asturias',17.43907E0,50.31156E0,'23105',29.61141E0,2,0,501)
DELETE FROM TSEATS WHERE TRIP_ID=105 AND USER_ID=502
INSERT INTO TSEATS VALUES(NULL,1,105,502)
COMMIT
DISCONNECT
/*C56*/SET SCHEMA PUBLIC
DISCONNECT
/*C57*/SET SCHEMA PUBLIC
DELETE FROM TTRIPS WHERE ID=105
INSERT INTO TTRIPS VALUES(105,'2016-06-26 11:44:00.000000',1,'2016-05-06 00:40:00.000000','','Avenida Avenidez','Barcelona','Espa\u00c3\u00b1a','Catalu\u00c3\u00b1a',-40.47109E0,133.0328E0,'13192','2016-06-01 12:51:00.000000','Plaza de Espa\u00c3\u00b1a','Oviedo','Espa\u00c3\u00b1a','Asturias',17.43907E0,50.31156E0,'23105',29.61141E0,2,0,501)
DELETE FROM TSEATS WHERE TRIP_ID=105 AND USER_ID=502
INSERT INTO TSEATS VALUES(NULL,0,105,502)
COMMIT
DELETE FROM TTRIPS WHERE ID=105
INSERT INTO TTRIPS VALUES(105,'2016-06-26 11:44:00.000000',2,'2016-05-06 00:40:00.000000','','Avenida Avenidez','Barcelona','Espa\u00c3\u00b1a','Catalu\u00c3\u00b1a',-40.47109E0,133.0328E0,'13192','2016-06-01 12:51:00.000000','Plaza de Espa\u00c3\u00b1a','Oviedo','Espa\u00c3\u00b1a','Asturias',17.43907E0,50.31156E0,'23105',29.61141E0,2,0,501)
DELETE FROM TSEATS WHERE TRIP_ID=105 AND USER_ID=502
INSERT INTO TSEATS VALUES(NULL,1,105,502)
COMMIT
DELETE FROM TTRIPS WHERE ID=105
INSERT INTO TTRIPS VALUES(105,'2016-06-26 11:44:00.000000',2,'2016-05-06 00:40:00.000000','','Avenida Avenidez','Barcelona','Espa\u00c3\u00b1a','Catalu\u00c3\u00b1a',-40.47109E0,133.0328E0,'13192','2016-06-01 12:51:00.000000','Plaza de Espa\u00c3\u00b1a','Oviedo','Espa\u00c3\u00b1a','Asturias',17.43907E0,50.31156E0,'23105',29.61141E0,2,2,501)
DELETE FROM TSEATS WHERE TRIP_ID=105 AND USER_ID=502
INSERT INTO TSEATS VALUES(NULL,2,105,502)
COMMIT
DISCONNECT
/*C58*/SET SCHEMA PUBLIC
DISCONNECT
/*C59*/SET SCHEMA PUBLIC
DELETE FROM TAPPLICATIONS WHERE APPLIEDTRIPS_ID=111 AND APPLICANTS_ID=501
COMMIT
INSERT INTO TAPPLICATIONS VALUES(111,501)
COMMIT
DISCONNECT
/*C60*/SET SCHEMA PUBLIC
DISCONNECT
/*C61*/SET SCHEMA PUBLIC
DISCONNECT
/*C62*/SET SCHEMA PUBLIC
DISCONNECT
/*C63*/SET SCHEMA PUBLIC
DISCONNECT
/*C64*/SET SCHEMA PUBLIC
DISCONNECT
/*C65*/SET SCHEMA PUBLIC
DISCONNECT
/*C66*/SET SCHEMA PUBLIC
DISCONNECT
/*C67*/SET SCHEMA PUBLIC
DISCONNECT
/*C68*/SET SCHEMA PUBLIC
DISCONNECT
